<?xml version="1.0" encoding="utf-8"?>
<testsuites>
<testsuite package="org.eslint" time="0" tests="9" errors="9" name="/var/lib/jenkins/workspace/Releases/eslint Release/eslint/fullOfProblems.js">
<testcase time="0" name="org.eslint.no-unused-vars" classname="/var/lib/jenkins/workspace/Releases/eslint Release/eslint/fullOfProblems"><failure message="&apos;addOne&apos; is defined but never used."><![CDATA[line 1, col 10, Error - &apos;addOne&apos; is defined but never used. (no-unused-vars)]]></failure></testcase>
<testcase time="0" name="org.eslint.use-isnan" classname="/var/lib/jenkins/workspace/Releases/eslint Release/eslint/fullOfProblems"><failure message="Use the isNaN function to compare with NaN."><![CDATA[line 2, col 9, Error - Use the isNaN function to compare with NaN. (use-isnan)]]></failure></testcase>
<testcase time="0" name="org.eslint.space-unary-ops" classname="/var/lib/jenkins/workspace/Releases/eslint Release/eslint/fullOfProblems"><failure message="Unexpected space before unary operator &apos;++&apos;."><![CDATA[line 3, col 16, Error - Unexpected space before unary operator &apos;++&apos;. (space-unary-ops)]]></failure></testcase>
<testcase time="0" name="org.eslint.semi" classname="/var/lib/jenkins/workspace/Releases/eslint Release/eslint/fullOfProblems"><failure message="Missing semicolon."><![CDATA[line 3, col 20, Warning - Missing semicolon. (semi)]]></failure></testcase>
<testcase time="0" name="org.eslint.no-else-return" classname="/var/lib/jenkins/workspace/Releases/eslint Release/eslint/fullOfProblems"><failure message="Unnecessary &apos;else&apos; after &apos;return&apos;."><![CDATA[line 4, col 12, Warning - Unnecessary &apos;else&apos; after &apos;return&apos;. (no-else-return)]]></failure></testcase>
<testcase time="0" name="org.eslint.indent" classname="/var/lib/jenkins/workspace/Releases/eslint Release/eslint/fullOfProblems"><failure message="Expected indentation of 8 spaces but found 6."><![CDATA[line 5, col 1, Warning - Expected indentation of 8 spaces but found 6. (indent)]]></failure></testcase>
<testcase time="0" name="org.eslint.consistent-return" classname="/var/lib/jenkins/workspace/Releases/eslint Release/eslint/fullOfProblems"><failure message="Function &apos;addOne&apos; expected a return value."><![CDATA[line 5, col 7, Error - Function &apos;addOne&apos; expected a return value. (consistent-return)]]></failure></testcase>
<testcase time="0" name="org.eslint.semi" classname="/var/lib/jenkins/workspace/Releases/eslint Release/eslint/fullOfProblems"><failure message="Missing semicolon."><![CDATA[line 5, col 13, Warning - Missing semicolon. (semi)]]></failure></testcase>
<testcase time="0" name="org.eslint.no-extra-semi" classname="/var/lib/jenkins/workspace/Releases/eslint Release/eslint/fullOfProblems"><failure message="Unnecessary semicolon."><![CDATA[line 7, col 2, Error - Unnecessary semicolon. (no-extra-semi)]]></failure></testcase>
</testsuite>
</testsuites>